[32m2023-12-19 22:02:37 +0100[0m - dagster - [34mDEBUG[0m - __ASSET_JOB - 0c8ece25-1e12-484a-bd90-90d165d693b9 - 414411 - LOGS_CAPTURED - Started capturing logs in process (pid: 414411).
[32m2023-12-19 22:02:37 +0100[0m - dagster - [34mDEBUG[0m - __ASSET_JOB - 0c8ece25-1e12-484a-bd90-90d165d693b9 - 414411 - airbyte_sync_baa98 - STEP_START - Started execution of step "airbyte_sync_baa98".
[32m2023-12-19 22:02:37 +0100[0m - dagster - [34mINFO[0m - __ASSET_JOB - 0c8ece25-1e12-484a-bd90-90d165d693b9 - airbyte_sync_baa98 - Job 219 initialized for connection_id=baa9848c-9558-4503-8534-91863ad20c22.
[32m2023-12-19 22:14:00 +0100[0m - dagster - [34mDEBUG[0m - __ASSET_JOB - 0c8ece25-1e12-484a-bd90-90d165d693b9 - 414411 - airbyte_sync_baa98 - STEP_OUTPUT - Yielded output "clockify_users" of type "Nothing". (Type check passed).
[32m2023-12-19 22:14:00 +0100[0m - dagster - [34mDEBUG[0m - __ASSET_JOB - 0c8ece25-1e12-484a-bd90-90d165d693b9 - 414411 - airbyte_sync_baa98 - ASSET_MATERIALIZATION - Materialized value sources clockify_users.
[32m2023-12-19 22:14:00 +0100[0m - dagster - [34mDEBUG[0m - __ASSET_JOB - 0c8ece25-1e12-484a-bd90-90d165d693b9 - 414411 - airbyte_sync_baa98 - HANDLED_OUTPUT - Handled output "clockify_users" using IO manager "io_manager"
[32m2023-12-19 22:14:00 +0100[0m - dagster - [34mDEBUG[0m - __ASSET_JOB - 0c8ece25-1e12-484a-bd90-90d165d693b9 - 414411 - airbyte_sync_baa98 - STEP_OUTPUT - Yielded output "clockify_users_settings_summaryReportSettings" of type "Nothing". (Type check passed).
[32m2023-12-19 22:14:00 +0100[0m - dagster - [34mDEBUG[0m - __ASSET_JOB - 0c8ece25-1e12-484a-bd90-90d165d693b9 - 414411 - airbyte_sync_baa98 - ASSET_MATERIALIZATION - Materialized value sources clockify_users_settings_summaryReportSettings.
[32m2023-12-19 22:14:00 +0100[0m - dagster - [34mDEBUG[0m - __ASSET_JOB - 0c8ece25-1e12-484a-bd90-90d165d693b9 - 414411 - airbyte_sync_baa98 - HANDLED_OUTPUT - Handled output "clockify_users_settings_summaryReportSettings" using IO manager "io_manager"
[32m2023-12-19 22:14:00 +0100[0m - dagster - [34mDEBUG[0m - __ASSET_JOB - 0c8ece25-1e12-484a-bd90-90d165d693b9 - 414411 - airbyte_sync_baa98 - STEP_OUTPUT - Yielded output "clockify_users_memberships" of type "Nothing". (Type check passed).
[32m2023-12-19 22:14:00 +0100[0m - dagster - [34mDEBUG[0m - __ASSET_JOB - 0c8ece25-1e12-484a-bd90-90d165d693b9 - 414411 - airbyte_sync_baa98 - ASSET_MATERIALIZATION - Materialized value sources clockify_users_memberships.
[32m2023-12-19 22:14:00 +0100[0m - dagster - [34mDEBUG[0m - __ASSET_JOB - 0c8ece25-1e12-484a-bd90-90d165d693b9 - 414411 - airbyte_sync_baa98 - HANDLED_OUTPUT - Handled output "clockify_users_memberships" using IO manager "io_manager"
[32m2023-12-19 22:14:00 +0100[0m - dagster - [34mDEBUG[0m - __ASSET_JOB - 0c8ece25-1e12-484a-bd90-90d165d693b9 - 414411 - airbyte_sync_baa98 - STEP_OUTPUT - Yielded output "clockify_users_settings" of type "Nothing". (Type check passed).
[32m2023-12-19 22:14:00 +0100[0m - dagster - [34mDEBUG[0m - __ASSET_JOB - 0c8ece25-1e12-484a-bd90-90d165d693b9 - 414411 - airbyte_sync_baa98 - ASSET_MATERIALIZATION - Materialized value sources clockify_users_settings.
[32m2023-12-19 22:14:00 +0100[0m - dagster - [34mDEBUG[0m - __ASSET_JOB - 0c8ece25-1e12-484a-bd90-90d165d693b9 - 414411 - airbyte_sync_baa98 - HANDLED_OUTPUT - Handled output "clockify_users_settings" using IO manager "io_manager"
[32m2023-12-19 22:14:00 +0100[0m - dagster - [34mDEBUG[0m - __ASSET_JOB - 0c8ece25-1e12-484a-bd90-90d165d693b9 - 414411 - airbyte_sync_baa98 - STEP_OUTPUT - Yielded output "clockify_users_customFields" of type "Nothing". (Type check passed).
[32m2023-12-19 22:14:00 +0100[0m - dagster - [34mDEBUG[0m - __ASSET_JOB - 0c8ece25-1e12-484a-bd90-90d165d693b9 - 414411 - airbyte_sync_baa98 - ASSET_MATERIALIZATION - Materialized value sources clockify_users_customFields.
[32m2023-12-19 22:14:00 +0100[0m - dagster - [34mDEBUG[0m - __ASSET_JOB - 0c8ece25-1e12-484a-bd90-90d165d693b9 - 414411 - airbyte_sync_baa98 - HANDLED_OUTPUT - Handled output "clockify_users_customFields" using IO manager "io_manager"
[32m2023-12-19 22:14:00 +0100[0m - dagster - [34mDEBUG[0m - __ASSET_JOB - 0c8ece25-1e12-484a-bd90-90d165d693b9 - 414411 - airbyte_sync_baa98 - STEP_OUTPUT - Yielded output "clockify_projects" of type "Nothing". (Type check passed).
[32m2023-12-19 22:14:00 +0100[0m - dagster - [34mDEBUG[0m - __ASSET_JOB - 0c8ece25-1e12-484a-bd90-90d165d693b9 - 414411 - airbyte_sync_baa98 - ASSET_MATERIALIZATION - Materialized value sources clockify_projects.
[32m2023-12-19 22:14:00 +0100[0m - dagster - [34mDEBUG[0m - __ASSET_JOB - 0c8ece25-1e12-484a-bd90-90d165d693b9 - 414411 - airbyte_sync_baa98 - HANDLED_OUTPUT - Handled output "clockify_projects" using IO manager "io_manager"
[32m2023-12-19 22:14:00 +0100[0m - dagster - [34mDEBUG[0m - __ASSET_JOB - 0c8ece25-1e12-484a-bd90-90d165d693b9 - 414411 - airbyte_sync_baa98 - STEP_OUTPUT - Yielded output "clockify_projects_estimate" of type "Nothing". (Type check passed).
[32m2023-12-19 22:14:00 +0100[0m - dagster - [34mDEBUG[0m - __ASSET_JOB - 0c8ece25-1e12-484a-bd90-90d165d693b9 - 414411 - airbyte_sync_baa98 - ASSET_MATERIALIZATION - Materialized value sources clockify_projects_estimate.
[32m2023-12-19 22:14:00 +0100[0m - dagster - [34mDEBUG[0m - __ASSET_JOB - 0c8ece25-1e12-484a-bd90-90d165d693b9 - 414411 - airbyte_sync_baa98 - HANDLED_OUTPUT - Handled output "clockify_projects_estimate" using IO manager "io_manager"
[32m2023-12-19 22:14:00 +0100[0m - dagster - [34mDEBUG[0m - __ASSET_JOB - 0c8ece25-1e12-484a-bd90-90d165d693b9 - 414411 - airbyte_sync_baa98 - STEP_OUTPUT - Yielded output "clockify_projects_memberships_hourlyRate" of type "Nothing". (Type check passed).
[32m2023-12-19 22:14:00 +0100[0m - dagster - [34mDEBUG[0m - __ASSET_JOB - 0c8ece25-1e12-484a-bd90-90d165d693b9 - 414411 - airbyte_sync_baa98 - ASSET_MATERIALIZATION - Materialized value sources clockify_projects_memberships_hourlyRate.
[32m2023-12-19 22:14:00 +0100[0m - dagster - [34mDEBUG[0m - __ASSET_JOB - 0c8ece25-1e12-484a-bd90-90d165d693b9 - 414411 - airbyte_sync_baa98 - HANDLED_OUTPUT - Handled output "clockify_projects_memberships_hourlyRate" using IO manager "io_manager"
[32m2023-12-19 22:14:00 +0100[0m - dagster - [34mDEBUG[0m - __ASSET_JOB - 0c8ece25-1e12-484a-bd90-90d165d693b9 - 414411 - airbyte_sync_baa98 - STEP_OUTPUT - Yielded output "clockify_projects_costRate" of type "Nothing". (Type check passed).
[32m2023-12-19 22:14:01 +0100[0m - dagster - [34mDEBUG[0m - __ASSET_JOB - 0c8ece25-1e12-484a-bd90-90d165d693b9 - 414411 - airbyte_sync_baa98 - ASSET_MATERIALIZATION - Materialized value sources clockify_projects_costRate.
[32m2023-12-19 22:14:01 +0100[0m - dagster - [34mDEBUG[0m - __ASSET_JOB - 0c8ece25-1e12-484a-bd90-90d165d693b9 - 414411 - airbyte_sync_baa98 - HANDLED_OUTPUT - Handled output "clockify_projects_costRate" using IO manager "io_manager"
[32m2023-12-19 22:14:01 +0100[0m - dagster - [34mDEBUG[0m - __ASSET_JOB - 0c8ece25-1e12-484a-bd90-90d165d693b9 - 414411 - airbyte_sync_baa98 - STEP_OUTPUT - Yielded output "clockify_projects_hourlyRate" of type "Nothing". (Type check passed).
[32m2023-12-19 22:14:01 +0100[0m - dagster - [34mDEBUG[0m - __ASSET_JOB - 0c8ece25-1e12-484a-bd90-90d165d693b9 - 414411 - airbyte_sync_baa98 - ASSET_MATERIALIZATION - Materialized value sources clockify_projects_hourlyRate.
[32m2023-12-19 22:14:01 +0100[0m - dagster - [34mDEBUG[0m - __ASSET_JOB - 0c8ece25-1e12-484a-bd90-90d165d693b9 - 414411 - airbyte_sync_baa98 - HANDLED_OUTPUT - Handled output "clockify_projects_hourlyRate" using IO manager "io_manager"
[32m2023-12-19 22:14:01 +0100[0m - dagster - [34mDEBUG[0m - __ASSET_JOB - 0c8ece25-1e12-484a-bd90-90d165d693b9 - 414411 - airbyte_sync_baa98 - STEP_OUTPUT - Yielded output "clockify_projects_budgetEstimate" of type "Nothing". (Type check passed).
[32m2023-12-19 22:14:01 +0100[0m - dagster - [34mDEBUG[0m - __ASSET_JOB - 0c8ece25-1e12-484a-bd90-90d165d693b9 - 414411 - airbyte_sync_baa98 - ASSET_MATERIALIZATION - Materialized value sources clockify_projects_budgetEstimate.
[32m2023-12-19 22:14:01 +0100[0m - dagster - [34mDEBUG[0m - __ASSET_JOB - 0c8ece25-1e12-484a-bd90-90d165d693b9 - 414411 - airbyte_sync_baa98 - HANDLED_OUTPUT - Handled output "clockify_projects_budgetEstimate" using IO manager "io_manager"
[32m2023-12-19 22:14:01 +0100[0m - dagster - [34mDEBUG[0m - __ASSET_JOB - 0c8ece25-1e12-484a-bd90-90d165d693b9 - 414411 - airbyte_sync_baa98 - STEP_OUTPUT - Yielded output "clockify_projects_memberships" of type "Nothing". (Type check passed).
[32m2023-12-19 22:14:01 +0100[0m - dagster - [34mDEBUG[0m - __ASSET_JOB - 0c8ece25-1e12-484a-bd90-90d165d693b9 - 414411 - airbyte_sync_baa98 - ASSET_MATERIALIZATION - Materialized value sources clockify_projects_memberships.
[32m2023-12-19 22:14:01 +0100[0m - dagster - [34mDEBUG[0m - __ASSET_JOB - 0c8ece25-1e12-484a-bd90-90d165d693b9 - 414411 - airbyte_sync_baa98 - HANDLED_OUTPUT - Handled output "clockify_projects_memberships" using IO manager "io_manager"
[32m2023-12-19 22:14:01 +0100[0m - dagster - [34mDEBUG[0m - __ASSET_JOB - 0c8ece25-1e12-484a-bd90-90d165d693b9 - 414411 - airbyte_sync_baa98 - STEP_OUTPUT - Yielded output "clockify_projects_timeEstimate" of type "Nothing". (Type check passed).
[32m2023-12-19 22:14:01 +0100[0m - dagster - [34mDEBUG[0m - __ASSET_JOB - 0c8ece25-1e12-484a-bd90-90d165d693b9 - 414411 - airbyte_sync_baa98 - ASSET_MATERIALIZATION - Materialized value sources clockify_projects_timeEstimate.
[32m2023-12-19 22:14:01 +0100[0m - dagster - [34mDEBUG[0m - __ASSET_JOB - 0c8ece25-1e12-484a-bd90-90d165d693b9 - 414411 - airbyte_sync_baa98 - HANDLED_OUTPUT - Handled output "clockify_projects_timeEstimate" using IO manager "io_manager"
[32m2023-12-19 22:14:01 +0100[0m - dagster - [34mDEBUG[0m - __ASSET_JOB - 0c8ece25-1e12-484a-bd90-90d165d693b9 - 414411 - airbyte_sync_baa98 - STEP_OUTPUT - Yielded output "clockify_clients" of type "Nothing". (Type check passed).
[32m2023-12-19 22:14:01 +0100[0m - dagster - [34mDEBUG[0m - __ASSET_JOB - 0c8ece25-1e12-484a-bd90-90d165d693b9 - 414411 - airbyte_sync_baa98 - ASSET_MATERIALIZATION - Materialized value sources clockify_clients.
[32m2023-12-19 22:14:01 +0100[0m - dagster - [34mDEBUG[0m - __ASSET_JOB - 0c8ece25-1e12-484a-bd90-90d165d693b9 - 414411 - airbyte_sync_baa98 - HANDLED_OUTPUT - Handled output "clockify_clients" using IO manager "io_manager"
[32m2023-12-19 22:14:01 +0100[0m - dagster - [34mDEBUG[0m - __ASSET_JOB - 0c8ece25-1e12-484a-bd90-90d165d693b9 - 414411 - airbyte_sync_baa98 - STEP_OUTPUT - Yielded output "clockify_tags" of type "Nothing". (Type check passed).
[32m2023-12-19 22:14:01 +0100[0m - dagster - [34mDEBUG[0m - __ASSET_JOB - 0c8ece25-1e12-484a-bd90-90d165d693b9 - 414411 - airbyte_sync_baa98 - ASSET_MATERIALIZATION - Materialized value sources clockify_tags.
[32m2023-12-19 22:14:01 +0100[0m - dagster - [34mDEBUG[0m - __ASSET_JOB - 0c8ece25-1e12-484a-bd90-90d165d693b9 - 414411 - airbyte_sync_baa98 - HANDLED_OUTPUT - Handled output "clockify_tags" using IO manager "io_manager"
[32m2023-12-19 22:14:01 +0100[0m - dagster - [34mDEBUG[0m - __ASSET_JOB - 0c8ece25-1e12-484a-bd90-90d165d693b9 - 414411 - airbyte_sync_baa98 - STEP_OUTPUT - Yielded output "clockify_user_groups" of type "Nothing". (Type check passed).
[32m2023-12-19 22:14:01 +0100[0m - dagster - [34mDEBUG[0m - __ASSET_JOB - 0c8ece25-1e12-484a-bd90-90d165d693b9 - 414411 - airbyte_sync_baa98 - ASSET_MATERIALIZATION - Materialized value sources clockify_user_groups.
[32m2023-12-19 22:14:01 +0100[0m - dagster - [34mDEBUG[0m - __ASSET_JOB - 0c8ece25-1e12-484a-bd90-90d165d693b9 - 414411 - airbyte_sync_baa98 - HANDLED_OUTPUT - Handled output "clockify_user_groups" using IO manager "io_manager"
[32m2023-12-19 22:14:02 +0100[0m - dagster - [34mDEBUG[0m - __ASSET_JOB - 0c8ece25-1e12-484a-bd90-90d165d693b9 - 414411 - airbyte_sync_baa98 - STEP_OUTPUT - Yielded output "clockify_user_groups_userIds" of type "Nothing". (Type check passed).
[32m2023-12-19 22:14:02 +0100[0m - dagster - [34mDEBUG[0m - __ASSET_JOB - 0c8ece25-1e12-484a-bd90-90d165d693b9 - 414411 - airbyte_sync_baa98 - ASSET_MATERIALIZATION - Materialized value sources clockify_user_groups_userIds.
[32m2023-12-19 22:14:02 +0100[0m - dagster - [34mDEBUG[0m - __ASSET_JOB - 0c8ece25-1e12-484a-bd90-90d165d693b9 - 414411 - airbyte_sync_baa98 - HANDLED_OUTPUT - Handled output "clockify_user_groups_userIds" using IO manager "io_manager"
[32m2023-12-19 22:14:02 +0100[0m - dagster - [34mDEBUG[0m - __ASSET_JOB - 0c8ece25-1e12-484a-bd90-90d165d693b9 - 414411 - airbyte_sync_baa98 - STEP_OUTPUT - Yielded output "clockify_time_entries" of type "Nothing". (Type check passed).
[32m2023-12-19 22:14:02 +0100[0m - dagster - [34mDEBUG[0m - __ASSET_JOB - 0c8ece25-1e12-484a-bd90-90d165d693b9 - 414411 - airbyte_sync_baa98 - ASSET_MATERIALIZATION - Materialized value sources clockify_time_entries.
[32m2023-12-19 22:14:02 +0100[0m - dagster - [34mDEBUG[0m - __ASSET_JOB - 0c8ece25-1e12-484a-bd90-90d165d693b9 - 414411 - airbyte_sync_baa98 - HANDLED_OUTPUT - Handled output "clockify_time_entries" using IO manager "io_manager"
[32m2023-12-19 22:14:02 +0100[0m - dagster - [34mDEBUG[0m - __ASSET_JOB - 0c8ece25-1e12-484a-bd90-90d165d693b9 - 414411 - airbyte_sync_baa98 - STEP_OUTPUT - Yielded output "clockify_time_entries_customFieldValues" of type "Nothing". (Type check passed).
[32m2023-12-19 22:14:02 +0100[0m - dagster - [34mDEBUG[0m - __ASSET_JOB - 0c8ece25-1e12-484a-bd90-90d165d693b9 - 414411 - airbyte_sync_baa98 - ASSET_MATERIALIZATION - Materialized value sources clockify_time_entries_customFieldValues.
[32m2023-12-19 22:14:02 +0100[0m - dagster - [34mDEBUG[0m - __ASSET_JOB - 0c8ece25-1e12-484a-bd90-90d165d693b9 - 414411 - airbyte_sync_baa98 - HANDLED_OUTPUT - Handled output "clockify_time_entries_customFieldValues" using IO manager "io_manager"
[32m2023-12-19 22:14:02 +0100[0m - dagster - [34mDEBUG[0m - __ASSET_JOB - 0c8ece25-1e12-484a-bd90-90d165d693b9 - 414411 - airbyte_sync_baa98 - STEP_OUTPUT - Yielded output "clockify_time_entries_timeInterval" of type "Nothing". (Type check passed).
[32m2023-12-19 22:14:02 +0100[0m - dagster - [34mDEBUG[0m - __ASSET_JOB - 0c8ece25-1e12-484a-bd90-90d165d693b9 - 414411 - airbyte_sync_baa98 - ASSET_MATERIALIZATION - Materialized value sources clockify_time_entries_timeInterval.
[32m2023-12-19 22:14:02 +0100[0m - dagster - [34mDEBUG[0m - __ASSET_JOB - 0c8ece25-1e12-484a-bd90-90d165d693b9 - 414411 - airbyte_sync_baa98 - HANDLED_OUTPUT - Handled output "clockify_time_entries_timeInterval" using IO manager "io_manager"
[32m2023-12-19 22:14:02 +0100[0m - dagster - [34mDEBUG[0m - __ASSET_JOB - 0c8ece25-1e12-484a-bd90-90d165d693b9 - 414411 - airbyte_sync_baa98 - STEP_OUTPUT - Yielded output "clockify_time_entries_tagIds" of type "Nothing". (Type check passed).
[32m2023-12-19 22:14:02 +0100[0m - dagster - [34mDEBUG[0m - __ASSET_JOB - 0c8ece25-1e12-484a-bd90-90d165d693b9 - 414411 - airbyte_sync_baa98 - ASSET_MATERIALIZATION - Materialized value sources clockify_time_entries_tagIds.
[32m2023-12-19 22:14:02 +0100[0m - dagster - [34mDEBUG[0m - __ASSET_JOB - 0c8ece25-1e12-484a-bd90-90d165d693b9 - 414411 - airbyte_sync_baa98 - HANDLED_OUTPUT - Handled output "clockify_time_entries_tagIds" using IO manager "io_manager"
[32m2023-12-19 22:14:02 +0100[0m - dagster - [34mDEBUG[0m - __ASSET_JOB - 0c8ece25-1e12-484a-bd90-90d165d693b9 - 414411 - airbyte_sync_baa98 - STEP_OUTPUT - Yielded output "clockify_tasks" of type "Nothing". (Type check passed).
[32m2023-12-19 22:14:02 +0100[0m - dagster - [34mDEBUG[0m - __ASSET_JOB - 0c8ece25-1e12-484a-bd90-90d165d693b9 - 414411 - airbyte_sync_baa98 - ASSET_MATERIALIZATION - Materialized value sources clockify_tasks.
[32m2023-12-19 22:14:02 +0100[0m - dagster - [34mDEBUG[0m - __ASSET_JOB - 0c8ece25-1e12-484a-bd90-90d165d693b9 - 414411 - airbyte_sync_baa98 - HANDLED_OUTPUT - Handled output "clockify_tasks" using IO manager "io_manager"
[32m2023-12-19 22:14:02 +0100[0m - dagster - [34mDEBUG[0m - __ASSET_JOB - 0c8ece25-1e12-484a-bd90-90d165d693b9 - 414411 - airbyte_sync_baa98 - STEP_OUTPUT - Yielded output "clockify_tasks_hourlyRate" of type "Nothing". (Type check passed).
[32m2023-12-19 22:14:02 +0100[0m - dagster - [34mDEBUG[0m - __ASSET_JOB - 0c8ece25-1e12-484a-bd90-90d165d693b9 - 414411 - airbyte_sync_baa98 - ASSET_MATERIALIZATION - Materialized value sources clockify_tasks_hourlyRate.
[32m2023-12-19 22:14:02 +0100[0m - dagster - [34mDEBUG[0m - __ASSET_JOB - 0c8ece25-1e12-484a-bd90-90d165d693b9 - 414411 - airbyte_sync_baa98 - HANDLED_OUTPUT - Handled output "clockify_tasks_hourlyRate" using IO manager "io_manager"
[32m2023-12-19 22:14:02 +0100[0m - dagster - [34mDEBUG[0m - __ASSET_JOB - 0c8ece25-1e12-484a-bd90-90d165d693b9 - 414411 - airbyte_sync_baa98 - STEP_OUTPUT - Yielded output "clockify_tasks_costRate" of type "Nothing". (Type check passed).
[32m2023-12-19 22:14:02 +0100[0m - dagster - [34mDEBUG[0m - __ASSET_JOB - 0c8ece25-1e12-484a-bd90-90d165d693b9 - 414411 - airbyte_sync_baa98 - ASSET_MATERIALIZATION - Materialized value sources clockify_tasks_costRate.
[32m2023-12-19 22:14:02 +0100[0m - dagster - [34mDEBUG[0m - __ASSET_JOB - 0c8ece25-1e12-484a-bd90-90d165d693b9 - 414411 - airbyte_sync_baa98 - HANDLED_OUTPUT - Handled output "clockify_tasks_costRate" using IO manager "io_manager"
[32m2023-12-19 22:14:02 +0100[0m - dagster - [34mDEBUG[0m - __ASSET_JOB - 0c8ece25-1e12-484a-bd90-90d165d693b9 - 414411 - airbyte_sync_baa98 - STEP_OUTPUT - Yielded output "clockify_tasks_assigneeIds" of type "Nothing". (Type check passed).
[32m2023-12-19 22:14:03 +0100[0m - dagster - [34mDEBUG[0m - __ASSET_JOB - 0c8ece25-1e12-484a-bd90-90d165d693b9 - 414411 - airbyte_sync_baa98 - ASSET_MATERIALIZATION - Materialized value sources clockify_tasks_assigneeIds.
[32m2023-12-19 22:14:03 +0100[0m - dagster - [34mDEBUG[0m - __ASSET_JOB - 0c8ece25-1e12-484a-bd90-90d165d693b9 - 414411 - airbyte_sync_baa98 - HANDLED_OUTPUT - Handled output "clockify_tasks_assigneeIds" using IO manager "io_manager"
[32m2023-12-19 22:14:03 +0100[0m - dagster - [34mDEBUG[0m - __ASSET_JOB - 0c8ece25-1e12-484a-bd90-90d165d693b9 - 414411 - airbyte_sync_baa98 - STEP_OUTPUT - Yielded output "clockify_tasks_userGroupIds" of type "Nothing". (Type check passed).
[32m2023-12-19 22:14:03 +0100[0m - dagster - [34mDEBUG[0m - __ASSET_JOB - 0c8ece25-1e12-484a-bd90-90d165d693b9 - 414411 - airbyte_sync_baa98 - ASSET_MATERIALIZATION - Materialized value sources clockify_tasks_userGroupIds.
[32m2023-12-19 22:14:03 +0100[0m - dagster - [34mDEBUG[0m - __ASSET_JOB - 0c8ece25-1e12-484a-bd90-90d165d693b9 - 414411 - airbyte_sync_baa98 - HANDLED_OUTPUT - Handled output "clockify_tasks_userGroupIds" using IO manager "io_manager"
[32m2023-12-19 22:14:03 +0100[0m - dagster - [34mDEBUG[0m - __ASSET_JOB - 0c8ece25-1e12-484a-bd90-90d165d693b9 - 414411 - airbyte_sync_baa98 - STEP_SUCCESS - Finished execution of step "airbyte_sync_baa98" in 11m25s.
